2021-03-31 20:00:33.262481-04:00 | Epoch 1
2021-03-31 20:00:40.656054-04:00 | Avg. BCE loss: 0.6533788442611694, Accuracy: 0.6875 | 0/470
2021-03-31 20:01:25.433037-04:00 | Avg. BCE loss: 0.6944480650495775, Accuracy: 0.5 | 100/470
2021-03-31 20:02:10.620517-04:00 | Avg. BCE loss: 0.6937984124344972, Accuracy: 0.5625 | 200/470
2021-03-31 20:02:55.792814-04:00 | Avg. BCE loss: 0.6928049088316502, Accuracy: 0.59375 | 300/470
2021-03-31 20:03:40.951748-04:00 | Avg. BCE loss: 0.6888909910682431, Accuracy: 0.65625 | 400/470
2021-03-31 20:04:22.088714-04:00 | Validation loss: 0.6423963930676965, F1: 0.6430755788553953, Accuracy: 0.6205294937296795
2021-03-31 20:04:22.088906-04:00 | Saving model...
2021-03-31 20:04:22.950444-04:00 | Epoch 2
2021-03-31 20:04:23.405533-04:00 | Avg. BCE loss: 0.6431896686553955, Accuracy: 0.5625 | 0/470
2021-03-31 20:05:08.579252-04:00 | Avg. BCE loss: 0.6334867217753193, Accuracy: 0.65625 | 100/470
2021-03-31 20:05:53.744465-04:00 | Avg. BCE loss: 0.6262878616947439, Accuracy: 0.71875 | 200/470
2021-03-31 20:06:38.899275-04:00 | Avg. BCE loss: 0.6230618359638607, Accuracy: 0.71875 | 300/470
2021-03-31 20:07:24.058654-04:00 | Avg. BCE loss: 0.6240539772998068, Accuracy: 0.625 | 400/470
2021-03-31 20:08:05.161380-04:00 | Validation loss: 0.6184393895023009, F1: 0.6799136069114471, Accuracy: 0.655829075708314
2021-03-31 20:08:05.161571-04:00 | Saving model...
2021-03-31 20:08:05.998580-04:00 | Epoch 3
2021-03-31 20:08:06.452370-04:00 | Avg. BCE loss: 0.5174356698989868, Accuracy: 0.8125 | 0/470
2021-03-31 20:08:51.612340-04:00 | Avg. BCE loss: 0.5885274610897102, Accuracy: 0.75 | 100/470
2021-03-31 20:09:36.750291-04:00 | Avg. BCE loss: 0.5859090181725535, Accuracy: 0.59375 | 200/470
2021-03-31 20:10:21.872116-04:00 | Avg. BCE loss: 0.5829881809874626, Accuracy: 0.71875 | 300/470
2021-03-31 20:11:06.997663-04:00 | Avg. BCE loss: 0.5766368166466901, Accuracy: 0.59375 | 400/470
2021-03-31 20:11:48.083359-04:00 | Validation loss: 0.6184393895023009, F1: 0.7044276027124053, Accuracy: 0.655829075708314
2021-03-31 20:11:48.083553-04:00 | Epoch 4
2021-03-31 20:11:48.538054-04:00 | Avg. BCE loss: 0.5359629988670349, Accuracy: 0.75 | 0/470
2021-03-31 20:12:33.670956-04:00 | Avg. BCE loss: 0.5393897421879343, Accuracy: 0.71875 | 100/470
2021-03-31 20:13:18.790132-04:00 | Avg. BCE loss: 0.5351905652243106, Accuracy: 0.75 | 200/470
2021-03-31 20:14:03.907229-04:00 | Avg. BCE loss: 0.5356385928649839, Accuracy: 0.6875 | 300/470
2021-03-31 20:14:49.022275-04:00 | Avg. BCE loss: 0.5364315051241706, Accuracy: 0.75 | 400/470
2021-03-31 20:15:30.117651-04:00 | Validation loss: 0.6184393895023009, F1: 0.708641975308642, Accuracy: 0.6711565257779842
2021-03-31 20:15:30.118007-04:00 | Epoch 5
2021-03-31 20:15:30.573361-04:00 | Avg. BCE loss: 0.5943719148635864, Accuracy: 0.71875 | 0/470
2021-03-31 20:16:15.703995-04:00 | Avg. BCE loss: 0.5174899455344323, Accuracy: 0.84375 | 100/470
2021-03-31 20:17:00.829845-04:00 | Avg. BCE loss: 0.5128406848183912, Accuracy: 0.78125 | 200/470
2021-03-31 20:17:45.952606-04:00 | Avg. BCE loss: 0.5076718180876634, Accuracy: 0.84375 | 300/470
2021-03-31 20:18:31.078502-04:00 | Avg. BCE loss: 0.5061745552202115, Accuracy: 0.90625 | 400/470
2021-03-31 20:19:12.155202-04:00 | Validation loss: 0.6184393895023009, F1: 0.6916129032258065, Accuracy: 0.6669763121226197
2021-03-31 20:19:12.155561-04:00 | Epoch 6
2021-03-31 20:19:12.611093-04:00 | Avg. BCE loss: 0.43147188425064087, Accuracy: 0.78125 | 0/470
2021-03-31 20:19:57.720147-04:00 | Avg. BCE loss: 0.45053584740893676, Accuracy: 0.78125 | 100/470
2021-03-31 20:20:42.827918-04:00 | Avg. BCE loss: 0.4526892271801014, Accuracy: 0.71875 | 200/470
2021-03-31 20:21:27.948367-04:00 | Avg. BCE loss: 0.45738433578679727, Accuracy: 0.65625 | 300/470
2021-03-31 20:22:13.073796-04:00 | Avg. BCE loss: 0.4609735823257308, Accuracy: 0.875 | 400/470
2021-03-31 20:22:54.148521-04:00 | Validation loss: 0.6184393895023009, F1: 0.6947723440134908, Accuracy: 0.6637250348351138
2021-03-31 20:22:54.156348-04:00 | Epoch 7
2021-03-31 20:22:54.611329-04:00 | Avg. BCE loss: 0.4947105050086975, Accuracy: 0.71875 | 0/470
2021-03-31 20:23:39.730968-04:00 | Avg. BCE loss: 0.4241078650892371, Accuracy: 0.84375 | 100/470
2021-03-31 20:24:24.842403-04:00 | Avg. BCE loss: 0.4162476005690608, Accuracy: 0.71875 | 200/470
2021-03-31 20:25:10.016244-04:00 | Avg. BCE loss: 0.4186476453198151, Accuracy: 0.78125 | 300/470
2021-03-31 20:25:55.163604-04:00 | Avg. BCE loss: 0.41908529850461534, Accuracy: 0.78125 | 400/470
2021-03-31 20:26:36.238502-04:00 | Validation loss: 0.6184393895023009, F1: 0.6800894854586129, Accuracy: 0.6679052484904784
2021-03-31 20:26:36.249038-04:00 | Epoch 8
2021-03-31 20:26:36.704466-04:00 | Avg. BCE loss: 0.48785287141799927, Accuracy: 0.75 | 0/470
2021-03-31 20:27:21.823155-04:00 | Avg. BCE loss: 0.3919995114354804, Accuracy: 0.84375 | 100/470
2021-03-31 20:28:06.940045-04:00 | Avg. BCE loss: 0.38340945497377593, Accuracy: 0.78125 | 200/470
2021-03-31 20:28:52.075970-04:00 | Avg. BCE loss: 0.38379799458275604, Accuracy: 0.78125 | 300/470
2021-03-31 20:29:37.219225-04:00 | Avg. BCE loss: 0.38569295792805586, Accuracy: 0.875 | 400/470
2021-03-31 20:30:18.295440-04:00 | Validation loss: 0.6184393895023009, F1: 0.6644920782851818, Accuracy: 0.6655829075708314
2021-03-31 20:30:18.341192-04:00 | Epoch 9
2021-03-31 20:30:18.795446-04:00 | Avg. BCE loss: 0.21635305881500244, Accuracy: 0.90625 | 0/470
2021-03-31 20:31:03.913559-04:00 | Avg. BCE loss: 0.3179642792680476, Accuracy: 0.90625 | 100/470
2021-03-31 20:31:49.083747-04:00 | Avg. BCE loss: 0.3267628752177034, Accuracy: 0.78125 | 200/470
2021-03-31 20:32:34.226075-04:00 | Avg. BCE loss: 0.32862545183528696, Accuracy: 0.90625 | 300/470
2021-03-31 20:33:19.366348-04:00 | Avg. BCE loss: 0.3295180271762862, Accuracy: 0.875 | 400/470
2021-03-31 20:34:00.460109-04:00 | Validation loss: 0.6184393895023009, F1: 0.6921461570768584, Accuracy: 0.6595448211797492
2021-03-31 20:34:00.461119-04:00 | Stopping early.
