2021-03-31 19:37:38.013404-04:00 | Epoch 1
2021-03-31 19:37:44.491400-04:00 | Avg. BCE loss: 0.6938744783401489, Accuracy: 0.53125 | 0/526
2021-03-31 19:38:28.776462-04:00 | Avg. BCE loss: 0.6928113014391153, Accuracy: 0.40625 | 100/526
2021-03-31 19:39:13.372601-04:00 | Avg. BCE loss: 0.6908138103746063, Accuracy: 0.5625 | 200/526
2021-03-31 19:39:58.303542-04:00 | Avg. BCE loss: 0.6676851707043442, Accuracy: 0.8125 | 300/526
2021-03-31 19:40:43.298675-04:00 | Avg. BCE loss: 0.637783083460872, Accuracy: 0.6875 | 400/526
2021-03-31 19:41:28.321167-04:00 | Avg. BCE loss: 0.6167895849831327, Accuracy: 0.71875 | 500/526
2021-03-31 19:41:50.619031-04:00 | Validation loss: 0.48337566047465724, F1: 0.7740132727907788, Accuracy: 0.7305289462723865
2021-03-31 19:41:50.620018-04:00 | Saving model...
2021-03-31 19:41:51.525332-04:00 | Epoch 2
2021-03-31 19:41:51.977981-04:00 | Avg. BCE loss: 0.43948107957839966, Accuracy: 0.78125 | 0/526
2021-03-31 19:42:36.982172-04:00 | Avg. BCE loss: 0.5034842682947026, Accuracy: 0.6875 | 100/526
2021-03-31 19:43:21.988927-04:00 | Avg. BCE loss: 0.49387573454510514, Accuracy: 0.8125 | 200/526
2021-03-31 19:44:07.008540-04:00 | Avg. BCE loss: 0.4884327436206349, Accuracy: 0.875 | 300/526
2021-03-31 19:44:52.012045-04:00 | Avg. BCE loss: 0.4812281220928392, Accuracy: 0.625 | 400/526
2021-03-31 19:45:37.015337-04:00 | Avg. BCE loss: 0.4748516947090507, Accuracy: 0.9375 | 500/526
2021-03-31 19:45:59.299413-04:00 | Validation loss: 0.4171847332526292, F1: 0.8068091844813935, Accuracy: 0.7967513536026656
2021-03-31 19:45:59.299606-04:00 | Saving model...
2021-03-31 19:46:00.127359-04:00 | Epoch 3
2021-03-31 19:46:00.580058-04:00 | Avg. BCE loss: 0.5332610011100769, Accuracy: 0.71875 | 0/526
2021-03-31 19:46:45.564921-04:00 | Avg. BCE loss: 0.42069160613683193, Accuracy: 0.8125 | 100/526
2021-03-31 19:47:30.556018-04:00 | Avg. BCE loss: 0.4157399764998042, Accuracy: 0.8125 | 200/526
2021-03-31 19:48:15.562109-04:00 | Avg. BCE loss: 0.4142918527324334, Accuracy: 0.875 | 300/526
2021-03-31 19:49:00.559894-04:00 | Avg. BCE loss: 0.41209268625686296, Accuracy: 0.96875 | 400/526
2021-03-31 19:49:45.567763-04:00 | Avg. BCE loss: 0.4122129804835824, Accuracy: 0.78125 | 500/526
2021-03-31 19:50:07.845658-04:00 | Validation loss: 0.40400346937148196, F1: 0.8250591016548463, Accuracy: 0.8150770512286547
2021-03-31 19:50:07.847176-04:00 | Saving model...
2021-03-31 19:50:08.813582-04:00 | Epoch 4
2021-03-31 19:50:09.266628-04:00 | Avg. BCE loss: 0.2965857982635498, Accuracy: 0.84375 | 0/526
2021-03-31 19:50:54.277269-04:00 | Avg. BCE loss: 0.3594620449118095, Accuracy: 0.9375 | 100/526
2021-03-31 19:51:39.314131-04:00 | Avg. BCE loss: 0.36999802825166217, Accuracy: 0.84375 | 200/526
2021-03-31 19:52:24.368359-04:00 | Avg. BCE loss: 0.3684805237573643, Accuracy: 0.8125 | 300/526
2021-03-31 19:53:09.419675-04:00 | Avg. BCE loss: 0.368170752229536, Accuracy: 0.90625 | 400/526
2021-03-31 19:53:54.439720-04:00 | Avg. BCE loss: 0.3661589485085653, Accuracy: 0.875 | 500/526
2021-03-31 19:54:16.738950-04:00 | Validation loss: 0.40400346937148196, F1: 0.7975567190226875, Accuracy: 0.806747188671387
2021-03-31 19:54:16.739792-04:00 | Epoch 5
2021-03-31 19:54:17.193705-04:00 | Avg. BCE loss: 0.3331748843193054, Accuracy: 0.90625 | 0/526
2021-03-31 19:55:02.201872-04:00 | Avg. BCE loss: 0.3321288877194471, Accuracy: 0.875 | 100/526
2021-03-31 19:55:47.208272-04:00 | Avg. BCE loss: 0.33272643776527094, Accuracy: 0.71875 | 200/526
2021-03-31 19:56:32.212801-04:00 | Avg. BCE loss: 0.329305747789996, Accuracy: 0.78125 | 300/526
2021-03-31 19:57:17.230217-04:00 | Avg. BCE loss: 0.3295210724199502, Accuracy: 0.875 | 400/526
2021-03-31 19:58:02.238535-04:00 | Avg. BCE loss: 0.3276987658319121, Accuracy: 0.78125 | 500/526
2021-03-31 19:58:24.526479-04:00 | Validation loss: 0.40400346937148196, F1: 0.8308060654429369, Accuracy: 0.8234069137859226
2021-03-31 19:58:24.528623-04:00 | Epoch 6
2021-03-31 19:58:24.983122-04:00 | Avg. BCE loss: 0.30851107835769653, Accuracy: 0.84375 | 0/526
2021-03-31 19:59:10.127134-04:00 | Avg. BCE loss: 0.2826441063886822, Accuracy: 0.75 | 100/526
2021-03-31 19:59:55.139750-04:00 | Avg. BCE loss: 0.2813966391024305, Accuracy: 0.84375 | 200/526
2021-03-31 20:00:40.148526-04:00 | Avg. BCE loss: 0.2873971210266665, Accuracy: 0.875 | 300/526
2021-03-31 20:01:25.145002-04:00 | Avg. BCE loss: 0.28479637439708755, Accuracy: 0.8125 | 400/526
2021-03-31 20:02:10.149102-04:00 | Avg. BCE loss: 0.28670902901185963, Accuracy: 0.75 | 500/526
2021-03-31 20:02:32.429991-04:00 | Validation loss: 0.40400346937148196, F1: 0.8111769686706182, Accuracy: 0.8142440649729279
2021-03-31 20:02:32.430189-04:00 | Epoch 7
2021-03-31 20:02:32.882094-04:00 | Avg. BCE loss: 0.35548287630081177, Accuracy: 0.84375 | 0/526
2021-03-31 20:03:17.884834-04:00 | Avg. BCE loss: 0.25308669919129645, Accuracy: 0.8125 | 100/526
2021-03-31 20:04:02.886553-04:00 | Avg. BCE loss: 0.2459263418666759, Accuracy: 0.875 | 200/526
2021-03-31 20:04:47.885359-04:00 | Avg. BCE loss: 0.2534592733826748, Accuracy: 0.90625 | 300/526
2021-03-31 20:05:32.875356-04:00 | Avg. BCE loss: 0.2529355979842735, Accuracy: 0.84375 | 400/526
2021-03-31 20:06:17.875269-04:00 | Avg. BCE loss: 0.25567770109859533, Accuracy: 0.90625 | 500/526
2021-03-31 20:06:40.156594-04:00 | Validation loss: 0.40400346937148196, F1: 0.8142031379025598, Accuracy: 0.8125780924614744
2021-03-31 20:06:40.156798-04:00 | Epoch 8
2021-03-31 20:06:40.610276-04:00 | Avg. BCE loss: 0.22950053215026855, Accuracy: 0.90625 | 0/526
2021-03-31 20:07:25.612232-04:00 | Avg. BCE loss: 0.21795009821653366, Accuracy: 0.875 | 100/526
2021-03-31 20:08:10.592162-04:00 | Avg. BCE loss: 0.2182501318924759, Accuracy: 0.84375 | 200/526
2021-03-31 20:08:55.582897-04:00 | Avg. BCE loss: 0.21864346911097285, Accuracy: 0.875 | 300/526
2021-03-31 20:09:40.573978-04:00 | Avg. BCE loss: 0.220202923573535, Accuracy: 0.90625 | 400/526
2021-03-31 20:10:25.564956-04:00 | Avg. BCE loss: 0.21980851917655883, Accuracy: 0.9375 | 500/526
2021-03-31 20:10:47.845779-04:00 | Validation loss: 0.40400346937148196, F1: 0.832018927444795, Accuracy: 0.8225739275301958
2021-03-31 20:10:47.846147-04:00 | Epoch 9
2021-03-31 20:10:48.299565-04:00 | Avg. BCE loss: 0.2668387293815613, Accuracy: 0.84375 | 0/526
2021-03-31 20:11:33.285794-04:00 | Avg. BCE loss: 0.19442087662692117, Accuracy: 0.875 | 100/526
2021-03-31 20:12:18.277682-04:00 | Avg. BCE loss: 0.1945787662297339, Accuracy: 0.96875 | 200/526
2021-03-31 20:13:03.273900-04:00 | Avg. BCE loss: 0.2016861357438406, Accuracy: 0.875 | 300/526
2021-03-31 20:13:48.277032-04:00 | Avg. BCE loss: 0.2024631003786501, Accuracy: 0.90625 | 400/526
2021-03-31 20:14:33.275368-04:00 | Avg. BCE loss: 0.19924975780699544, Accuracy: 0.96875 | 500/526
2021-03-31 20:14:55.554965-04:00 | Validation loss: 0.40400346937148196, F1: 0.8315239244069159, Accuracy: 0.8254893794252395
2021-03-31 20:14:55.555160-04:00 | Epoch 10
2021-03-31 20:14:56.008414-04:00 | Avg. BCE loss: 0.04123860225081444, Accuracy: 1.0 | 0/526
2021-03-31 20:15:41.003272-04:00 | Avg. BCE loss: 0.17365355221646847, Accuracy: 0.9375 | 100/526
2021-03-31 20:16:26.002875-04:00 | Avg. BCE loss: 0.17890610284547306, Accuracy: 0.875 | 200/526
2021-03-31 20:17:10.996591-04:00 | Avg. BCE loss: 0.1751382624439623, Accuracy: 0.96875 | 300/526
2021-03-31 20:17:55.980271-04:00 | Avg. BCE loss: 0.17657832083224953, Accuracy: 0.90625 | 400/526
2021-03-31 20:18:40.980404-04:00 | Avg. BCE loss: 0.17856127692910725, Accuracy: 0.9375 | 500/526
2021-03-31 20:19:03.250648-04:00 | Validation loss: 0.40400346937148196, F1: 0.8165975103734441, Accuracy: 0.8159100374843815
2021-03-31 20:19:03.251009-04:00 | Stopping early.
