2021-03-31 19:05:18.592001-04:00 | Epoch 1
2021-03-31 19:05:27.988837-04:00 | Avg. BCE loss: 0.6922880411148071, Accuracy: 0.5625 | 0/486
2021-03-31 19:06:12.321327-04:00 | Avg. BCE loss: 0.6932055655092296, Accuracy: 0.53125 | 100/486
2021-03-31 19:06:56.757405-04:00 | Avg. BCE loss: 0.6930865025638941, Accuracy: 0.5 | 200/486
2021-03-31 19:07:41.305795-04:00 | Avg. BCE loss: 0.6925522285046372, Accuracy: 0.65625 | 300/486
2021-03-31 19:08:25.958386-04:00 | Avg. BCE loss: 0.6888131814407291, Accuracy: 0.5625 | 400/486
2021-03-31 19:09:14.155197-04:00 | Validation loss: 0.614091524179431, F1: 0.6617511520737326, Accuracy: 0.6662119145065939
2021-03-31 19:09:14.158361-04:00 | Saving model...
2021-03-31 19:09:15.139026-04:00 | Epoch 2
2021-03-31 19:09:15.589017-04:00 | Avg. BCE loss: 0.6372143030166626, Accuracy: 0.5625 | 0/486
2021-03-31 19:10:00.275379-04:00 | Avg. BCE loss: 0.6141327513326512, Accuracy: 0.78125 | 100/486
2021-03-31 19:10:44.983558-04:00 | Avg. BCE loss: 0.607899594366254, Accuracy: 0.625 | 200/486
2021-03-31 19:11:29.681945-04:00 | Avg. BCE loss: 0.5928995450865787, Accuracy: 0.6875 | 300/486
2021-03-31 19:12:14.375946-04:00 | Avg. BCE loss: 0.5899583272208597, Accuracy: 0.71875 | 400/486
2021-03-31 19:13:02.583571-04:00 | Validation loss: 0.5636411494966866, F1: 0.7390446111330439, Accuracy: 0.6994088221919054
2021-03-31 19:13:02.583985-04:00 | Saving model...
2021-03-31 19:13:03.583916-04:00 | Epoch 3
2021-03-31 19:13:04.034325-04:00 | Avg. BCE loss: 0.5183902978897095, Accuracy: 0.6875 | 0/486
2021-03-31 19:13:48.720079-04:00 | Avg. BCE loss: 0.5275920676712943, Accuracy: 0.625 | 100/486
2021-03-31 19:14:33.415325-04:00 | Avg. BCE loss: 0.5257707955825388, Accuracy: 0.71875 | 200/486
2021-03-31 19:15:18.090803-04:00 | Avg. BCE loss: 0.5271074722375585, Accuracy: 0.625 | 300/486
2021-03-31 19:16:02.695443-04:00 | Avg. BCE loss: 0.5257175149317097, Accuracy: 0.65625 | 400/486
2021-03-31 19:16:50.750381-04:00 | Validation loss: 0.5604071461636088, F1: 0.7532567049808429, Accuracy: 0.7071396089131423
2021-03-31 19:16:50.759807-04:00 | Saving model...
2021-03-31 19:16:51.647895-04:00 | Epoch 4
2021-03-31 19:16:52.096977-04:00 | Avg. BCE loss: 0.4496978521347046, Accuracy: 0.8125 | 0/486
2021-03-31 19:17:36.658107-04:00 | Avg. BCE loss: 0.4768194562137717, Accuracy: 0.75 | 100/486
2021-03-31 19:18:21.217051-04:00 | Avg. BCE loss: 0.4838963257732676, Accuracy: 0.71875 | 200/486
2021-03-31 19:19:05.784781-04:00 | Avg. BCE loss: 0.479837634535723, Accuracy: 0.625 | 300/486
2021-03-31 19:19:50.394625-04:00 | Avg. BCE loss: 0.482072177521903, Accuracy: 0.75 | 400/486
2021-03-31 19:20:38.491900-04:00 | Validation loss: 0.5604071461636088, F1: 0.7515006002400961, Accuracy: 0.7175989085948158
2021-03-31 19:20:38.492291-04:00 | Epoch 5
2021-03-31 19:20:38.943135-04:00 | Avg. BCE loss: 0.42910051345825195, Accuracy: 0.78125 | 0/486
2021-03-31 19:21:23.555932-04:00 | Avg. BCE loss: 0.45082016540045783, Accuracy: 0.75 | 100/486
2021-03-31 19:22:08.177351-04:00 | Avg. BCE loss: 0.4397033587913608, Accuracy: 0.71875 | 200/486
2021-03-31 19:22:52.793714-04:00 | Avg. BCE loss: 0.4365430301011995, Accuracy: 0.78125 | 300/486
2021-03-31 19:23:37.409501-04:00 | Avg. BCE loss: 0.4378437823488231, Accuracy: 0.75 | 400/486
2021-03-31 19:24:25.510955-04:00 | Validation loss: 0.5604071461636088, F1: 0.7481394437916177, Accuracy: 0.707594361073215
2021-03-31 19:24:25.511355-04:00 | Epoch 6
2021-03-31 19:24:25.961495-04:00 | Avg. BCE loss: 0.4610936939716339, Accuracy: 0.6875 | 0/486
2021-03-31 19:25:10.577430-04:00 | Avg. BCE loss: 0.39532117250532206, Accuracy: 0.78125 | 100/486
2021-03-31 19:25:55.188074-04:00 | Avg. BCE loss: 0.39216953011887584, Accuracy: 0.84375 | 200/486
2021-03-31 19:26:39.810263-04:00 | Avg. BCE loss: 0.3960046413728961, Accuracy: 0.875 | 300/486
2021-03-31 19:27:24.428265-04:00 | Avg. BCE loss: 0.39344296981568944, Accuracy: 0.71875 | 400/486
2021-03-31 19:28:12.544965-04:00 | Validation loss: 0.5604071461636088, F1: 0.7612903225806451, Accuracy: 0.7307867212369259
2021-03-31 19:28:12.554657-04:00 | Epoch 7
2021-03-31 19:28:13.006149-04:00 | Avg. BCE loss: 0.32927635312080383, Accuracy: 0.8125 | 0/486
2021-03-31 19:28:57.634939-04:00 | Avg. BCE loss: 0.3356282622507303, Accuracy: 0.75 | 100/486
2021-03-31 19:29:42.259226-04:00 | Avg. BCE loss: 0.3494215715139066, Accuracy: 0.78125 | 200/486
2021-03-31 19:30:26.861683-04:00 | Avg. BCE loss: 0.352835764223555, Accuracy: 0.71875 | 300/486
2021-03-31 19:31:11.447431-04:00 | Avg. BCE loss: 0.3536705867830952, Accuracy: 0.78125 | 400/486
2021-03-31 19:31:59.557609-04:00 | Validation loss: 0.5604071461636088, F1: 0.7404844290657441, Accuracy: 0.7271487039563438
2021-03-31 19:31:59.557989-04:00 | Epoch 8
2021-03-31 19:32:00.008883-04:00 | Avg. BCE loss: 0.4204956889152527, Accuracy: 0.71875 | 0/486
2021-03-31 19:32:44.669473-04:00 | Avg. BCE loss: 0.30493389394613774, Accuracy: 0.90625 | 100/486
2021-03-31 19:33:29.471286-04:00 | Avg. BCE loss: 0.3105375284875803, Accuracy: 0.84375 | 200/486
2021-03-31 19:34:14.296145-04:00 | Avg. BCE loss: 0.3140852062211084, Accuracy: 0.875 | 300/486
2021-03-31 19:34:59.107629-04:00 | Avg. BCE loss: 0.3107734280185509, Accuracy: 0.84375 | 400/486
2021-03-31 19:35:47.445094-04:00 | Validation loss: 0.5604071461636088, F1: 0.7355623100303952, Accuracy: 0.723055934515689
2021-03-31 19:35:47.446902-04:00 | Epoch 9
2021-03-31 19:35:47.899697-04:00 | Avg. BCE loss: 0.15188029408454895, Accuracy: 0.96875 | 0/486
2021-03-31 19:36:32.742238-04:00 | Avg. BCE loss: 0.2692290613851925, Accuracy: 0.9375 | 100/486
2021-03-31 19:37:17.582310-04:00 | Avg. BCE loss: 0.27079942870644197, Accuracy: 0.71875 | 200/486
2021-03-31 19:38:02.423189-04:00 | Avg. BCE loss: 0.2696158100055698, Accuracy: 0.96875 | 300/486
2021-03-31 19:38:47.264829-04:00 | Avg. BCE loss: 0.2734367523593201, Accuracy: 0.84375 | 400/486
2021-03-31 19:39:35.602592-04:00 | Validation loss: 0.5604071461636088, F1: 0.7477968946705833, Accuracy: 0.726693951796271
2021-03-31 19:39:35.604892-04:00 | Epoch 10
2021-03-31 19:39:36.063116-04:00 | Avg. BCE loss: 0.24301429092884064, Accuracy: 0.8125 | 0/486
2021-03-31 19:40:20.908881-04:00 | Avg. BCE loss: 0.2287361423420434, Accuracy: 0.90625 | 100/486
2021-03-31 19:41:05.670696-04:00 | Avg. BCE loss: 0.2335020264805253, Accuracy: 0.9375 | 200/486
2021-03-31 19:41:50.513527-04:00 | Avg. BCE loss: 0.23513134462492807, Accuracy: 0.90625 | 300/486
2021-03-31 19:42:35.358849-04:00 | Avg. BCE loss: 0.23956900621367214, Accuracy: 0.90625 | 400/486
2021-03-31 19:43:23.720812-04:00 | Validation loss: 0.5604071461636088, F1: 0.7345019238991022, Accuracy: 0.7175989085948158
2021-03-31 19:43:23.721176-04:00 | Stopping early.
