2021-03-31 20:01:46.969474-04:00 | Epoch 1
2021-03-31 20:01:51.244848-04:00 | Avg. BCE loss: 0.7080287933349609, Accuracy: 0.40625 | 0/484
2021-03-31 20:02:36.196453-04:00 | Avg. BCE loss: 0.6945079222764119, Accuracy: 0.71875 | 100/484
2021-03-31 20:03:21.754805-04:00 | Avg. BCE loss: 0.6933435201644897, Accuracy: 0.65625 | 200/484
2021-03-31 20:04:07.293015-04:00 | Avg. BCE loss: 0.6923345161038775, Accuracy: 0.53125 | 300/484
2021-03-31 20:04:52.779114-04:00 | Avg. BCE loss: 0.6871212316570139, Accuracy: 0.5625 | 400/484
2021-03-31 20:05:41.070562-04:00 | Validation loss: 0.6245482640607016, F1: 0.6980761680408324, Accuracy: 0.655002243158367
2021-03-31 20:05:41.071027-04:00 | Saving model...
2021-03-31 20:05:41.987323-04:00 | Epoch 2
2021-03-31 20:05:42.444007-04:00 | Avg. BCE loss: 0.6386703252792358, Accuracy: 0.65625 | 0/484
2021-03-31 20:06:27.886120-04:00 | Avg. BCE loss: 0.615809697325867, Accuracy: 0.75 | 100/484
2021-03-31 20:07:13.373051-04:00 | Avg. BCE loss: 0.6082497141254481, Accuracy: 0.65625 | 200/484
2021-03-31 20:07:58.814238-04:00 | Avg. BCE loss: 0.6041965747988501, Accuracy: 0.65625 | 300/484
2021-03-31 20:08:44.237686-04:00 | Avg. BCE loss: 0.5998594363282743, Accuracy: 0.75 | 400/484
2021-03-31 20:09:32.493706-04:00 | Validation loss: 0.5529759074960436, F1: 0.7251908396946566, Accuracy: 0.7092866756393001
2021-03-31 20:09:32.495196-04:00 | Saving model...
2021-03-31 20:09:33.449944-04:00 | Epoch 3
2021-03-31 20:09:33.907570-04:00 | Avg. BCE loss: 0.7056963443756104, Accuracy: 0.65625 | 0/484
2021-03-31 20:10:19.364676-04:00 | Avg. BCE loss: 0.55093054045545, Accuracy: 0.65625 | 100/484
2021-03-31 20:11:04.848323-04:00 | Avg. BCE loss: 0.5408088539666798, Accuracy: 0.78125 | 200/484
2021-03-31 20:11:50.298017-04:00 | Avg. BCE loss: 0.536776196818019, Accuracy: 0.65625 | 300/484
2021-03-31 20:12:35.757509-04:00 | Avg. BCE loss: 0.5362214852598243, Accuracy: 0.75 | 400/484
2021-03-31 20:13:24.044598-04:00 | Validation loss: 0.5388447804110391, F1: 0.7432000000000001, Accuracy: 0.7119784656796769
2021-03-31 20:13:24.045079-04:00 | Saving model...
2021-03-31 20:13:24.941732-04:00 | Epoch 4
2021-03-31 20:13:25.400240-04:00 | Avg. BCE loss: 0.49096548557281494, Accuracy: 0.78125 | 0/484
2021-03-31 20:14:10.827124-04:00 | Avg. BCE loss: 0.488226178554025, Accuracy: 0.84375 | 100/484
2021-03-31 20:14:56.261640-04:00 | Avg. BCE loss: 0.48878585358164206, Accuracy: 0.75 | 200/484
2021-03-31 20:15:41.675973-04:00 | Avg. BCE loss: 0.4911234770898407, Accuracy: 0.78125 | 300/484
2021-03-31 20:16:27.112687-04:00 | Avg. BCE loss: 0.4928089545254695, Accuracy: 0.6875 | 400/484
2021-03-31 20:17:15.344723-04:00 | Validation loss: 0.5388447804110391, F1: 0.7517157852240614, Accuracy: 0.7240915208613729
2021-03-31 20:17:15.345207-04:00 | Epoch 5
2021-03-31 20:17:15.805293-04:00 | Avg. BCE loss: 0.4093492329120636, Accuracy: 0.84375 | 0/484
2021-03-31 20:18:01.223781-04:00 | Avg. BCE loss: 0.4436473905450047, Accuracy: 0.65625 | 100/484
2021-03-31 20:18:46.629333-04:00 | Avg. BCE loss: 0.4482696802165378, Accuracy: 0.75 | 200/484
2021-03-31 20:19:32.016500-04:00 | Avg. BCE loss: 0.45191040486592393, Accuracy: 0.78125 | 300/484
2021-03-31 20:20:17.426960-04:00 | Avg. BCE loss: 0.4508995579513826, Accuracy: 0.78125 | 400/484
2021-03-31 20:21:05.674190-04:00 | Validation loss: 0.5388447804110391, F1: 0.7524904214559388, Accuracy: 0.7101839389860924
2021-03-31 20:21:05.675729-04:00 | Epoch 6
2021-03-31 20:21:06.134048-04:00 | Avg. BCE loss: 0.4529975652694702, Accuracy: 0.75 | 0/484
2021-03-31 20:21:51.553557-04:00 | Avg. BCE loss: 0.40803233010343987, Accuracy: 0.78125 | 100/484
2021-03-31 20:22:36.964934-04:00 | Avg. BCE loss: 0.400641234359931, Accuracy: 0.6875 | 200/484
2021-03-31 20:23:22.378302-04:00 | Avg. BCE loss: 0.40053136027928604, Accuracy: 0.84375 | 300/484
2021-03-31 20:24:07.787357-04:00 | Avg. BCE loss: 0.4058796414859277, Accuracy: 0.84375 | 400/484
2021-03-31 20:24:56.033593-04:00 | Validation loss: 0.5388447804110391, F1: 0.739622641509434, Accuracy: 0.721399730820996
2021-03-31 20:24:56.039197-04:00 | Epoch 7
2021-03-31 20:24:56.497785-04:00 | Avg. BCE loss: 0.3192489743232727, Accuracy: 0.875 | 0/484
2021-03-31 20:25:41.925200-04:00 | Avg. BCE loss: 0.3509519500012445, Accuracy: 0.78125 | 100/484
2021-03-31 20:26:27.341667-04:00 | Avg. BCE loss: 0.3529214289650988, Accuracy: 0.90625 | 200/484
2021-03-31 20:27:12.744005-04:00 | Avg. BCE loss: 0.35480910564379836, Accuracy: 0.75 | 300/484
2021-03-31 20:27:58.141538-04:00 | Avg. BCE loss: 0.3598980974972694, Accuracy: 0.75 | 400/484
2021-03-31 20:28:46.368266-04:00 | Validation loss: 0.5388447804110391, F1: 0.728688879273042, Accuracy: 0.7187079407806191
2021-03-31 20:28:46.368531-04:00 | Epoch 8
2021-03-31 20:28:46.828571-04:00 | Avg. BCE loss: 0.20256216824054718, Accuracy: 0.90625 | 0/484
2021-03-31 20:29:32.240067-04:00 | Avg. BCE loss: 0.3254209237523598, Accuracy: 0.875 | 100/484
2021-03-31 20:30:17.651871-04:00 | Avg. BCE loss: 0.3254136062824904, Accuracy: 0.75 | 200/484
2021-03-31 20:31:03.069611-04:00 | Avg. BCE loss: 0.31708985908680976, Accuracy: 0.875 | 300/484
2021-03-31 20:31:48.484975-04:00 | Avg. BCE loss: 0.3181286420385142, Accuracy: 0.90625 | 400/484
2021-03-31 20:32:36.703126-04:00 | Validation loss: 0.5388447804110391, F1: 0.7554702495201535, Accuracy: 0.7142216240466577
2021-03-31 20:32:36.703382-04:00 | Epoch 9
2021-03-31 20:32:37.162333-04:00 | Avg. BCE loss: 0.26012885570526123, Accuracy: 0.875 | 0/484
2021-03-31 20:33:22.574593-04:00 | Avg. BCE loss: 0.27880588417301083, Accuracy: 0.84375 | 100/484
2021-03-31 20:34:07.986243-04:00 | Avg. BCE loss: 0.2808442028304238, Accuracy: 0.8125 | 200/484
2021-03-31 20:34:53.406176-04:00 | Avg. BCE loss: 0.27875794457933833, Accuracy: 0.875 | 300/484
2021-03-31 20:35:38.816940-04:00 | Avg. BCE loss: 0.2795147820749782, Accuracy: 0.9375 | 400/484
2021-03-31 20:36:27.025159-04:00 | Validation loss: 0.5388447804110391, F1: 0.7459807073954984, Accuracy: 0.7164647824136384
2021-03-31 20:36:27.025421-04:00 | Epoch 10
2021-03-31 20:36:27.483371-04:00 | Avg. BCE loss: 0.3186485767364502, Accuracy: 0.84375 | 0/484
2021-03-31 20:37:12.893916-04:00 | Avg. BCE loss: 0.24337054471863379, Accuracy: 0.90625 | 100/484
2021-03-31 20:37:58.307547-04:00 | Avg. BCE loss: 0.24698973365535784, Accuracy: 0.8125 | 200/484
2021-03-31 20:38:43.697361-04:00 | Avg. BCE loss: 0.24728015238462492, Accuracy: 0.90625 | 300/484
2021-03-31 20:39:29.081545-04:00 | Avg. BCE loss: 0.24887940335898032, Accuracy: 0.90625 | 400/484
2021-03-31 20:40:17.301178-04:00 | Validation loss: 0.5388447804110391, F1: 0.7435691318327974, Accuracy: 0.7137729923732615
2021-03-31 20:40:17.301955-04:00 | Stopping early.
